{
  "stats": {
    "suites": 1,
    "tests": 1,
    "passes": 1,
    "pending": 0,
    "failures": 0,
    "start": "2021-03-29T15:43:10.748Z",
    "end": "2021-03-29T15:43:15.208Z",
    "duration": 4460,
    "testsRegistered": 1,
    "passPercent": 100,
    "pendingPercent": 0,
    "other": 0,
    "hasOther": false,
    "skipped": 0,
    "hasSkipped": false
  },
  "results": [
    {
      "uuid": "e16d1b4a-26b4-4f88-be04-702c65d66f88",
      "title": "",
      "fullFile": "cypress\\integration\\addCompTest.js",
      "file": "cypress\\integration\\addCompTest.js",
      "beforeHooks": [],
      "afterHooks": [],
      "tests": [],
      "suites": [
        {
          "uuid": "737d70eb-531c-4c77-bcd2-6289844b4022",
          "title": "verify user can access site",
          "fullFile": "",
          "file": "",
          "beforeHooks": [],
          "afterHooks": [],
          "tests": [
            {
              "title": "verify user can navigate to the site",
              "fullTitle": "verify user can access site verify user can navigate to the site",
              "timedOut": null,
              "duration": 1401,
              "state": "passed",
              "speed": "slow",
              "pass": true,
              "fail": false,
              "pending": false,
              "context": null,
              "code": "// addPage.navigateToSite()\n_addCompPage.addPage.verifyTitleAndMessage();",
              "err": {},
              "uuid": "06d9ed07-335a-482d-b7e5-b6117315aa43",
              "parentUUID": "737d70eb-531c-4c77-bcd2-6289844b4022",
              "isHook": false,
              "skipped": false
            }
          ],
          "suites": [],
          "passes": [
            "06d9ed07-335a-482d-b7e5-b6117315aa43"
          ],
          "failures": [],
          "pending": [],
          "skipped": [],
          "duration": 1401,
          "root": false,
          "rootEmpty": false,
          "_timeout": 2000
        }
      ],
      "passes": [],
      "failures": [],
      "pending": [],
      "skipped": [],
      "duration": 0,
      "root": true,
      "rootEmpty": true,
      "_timeout": 2000
    }
  ],
  "meta": {
    "mocha": {
      "version": "7.0.1"
    },
    "mochawesome": {
      "options": {
        "quiet": false,
        "reportFilename": "mochawesome",
        "saveHtml": false,
        "saveJson": true,
        "consoleReporter": "spec",
        "useInlineDiffs": false,
        "code": true
      },
      "version": "6.2.2"
    },
    "marge": {
      "options": {
        "reportDir": "cypress/reports/mochawesome-report",
        "overwrite": false,
        "html": false,
        "json": true,
        "timestamp": "mmddyyyy_HHMMss"
      },
      "version": "5.2.0"
    }
  }
}