{
  "stats": {
    "suites": 1,
    "tests": 1,
    "passes": 1,
    "pending": 0,
    "failures": 0,
    "start": "2021-03-29T15:44:50.033Z",
    "end": "2021-03-29T15:45:22.073Z",
    "duration": 32040,
    "testsRegistered": 1,
    "passPercent": 100,
    "pendingPercent": 0,
    "other": 0,
    "hasOther": false,
    "skipped": 0,
    "hasSkipped": false
  },
  "results": [
    {
      "uuid": "e1225395-f6a4-4bee-ac78-8eed7fbb377e",
      "title": "",
      "fullFile": "cypress\\integration\\examples\\paraBankTest.js",
      "file": "cypress\\integration\\examples\\paraBankTest.js",
      "beforeHooks": [],
      "afterHooks": [],
      "tests": [],
      "suites": [
        {
          "uuid": "dac2b476-bf89-4fca-83cf-a4668e1c634b",
          "title": "Parabank site access",
          "fullFile": "",
          "file": "",
          "beforeHooks": [],
          "afterHooks": [],
          "tests": [
            {
              "title": "check title of the page",
              "fullTitle": "Parabank site access check title of the page",
              "timedOut": null,
              "duration": 25196,
              "state": "passed",
              "speed": "slow",
              "pass": true,
              "fail": false,
              "pending": false,
              "context": null,
              "code": "_paraBankPage.bank.verifyTitle('ParaBank | Welcome | Online Banking');",
              "err": {},
              "uuid": "90818471-fa81-4d6a-9910-a84f9b3239e3",
              "parentUUID": "dac2b476-bf89-4fca-83cf-a4668e1c634b",
              "isHook": false,
              "skipped": false
            }
          ],
          "suites": [],
          "passes": [
            "90818471-fa81-4d6a-9910-a84f9b3239e3"
          ],
          "failures": [],
          "pending": [],
          "skipped": [],
          "duration": 25196,
          "root": false,
          "rootEmpty": false,
          "_timeout": 2000
        }
      ],
      "passes": [],
      "failures": [],
      "pending": [],
      "skipped": [],
      "duration": 0,
      "root": true,
      "rootEmpty": true,
      "_timeout": 2000
    }
  ],
  "meta": {
    "mocha": {
      "version": "7.0.1"
    },
    "mochawesome": {
      "options": {
        "quiet": false,
        "reportFilename": "mochawesome",
        "saveHtml": false,
        "saveJson": true,
        "consoleReporter": "spec",
        "useInlineDiffs": false,
        "code": true
      },
      "version": "6.2.2"
    },
    "marge": {
      "options": {
        "reportDir": "cypress/reports/mochawesome-report",
        "overwrite": false,
        "html": false,
        "json": true,
        "timestamp": "mmddyyyy_HHMMss"
      },
      "version": "5.2.0"
    }
  }
}