{
  "stats": {
    "suites": 2,
    "tests": 3,
    "passes": 3,
    "pending": 0,
    "failures": 0,
    "start": "2021-03-29T15:44:42.172Z",
    "end": "2021-03-29T15:44:42.600Z",
    "duration": 428,
    "testsRegistered": 3,
    "passPercent": 100,
    "pendingPercent": 0,
    "other": 0,
    "hasOther": false,
    "skipped": 0,
    "hasSkipped": false
  },
  "results": [
    {
      "uuid": "4a2ca6e4-d18a-408a-b7b9-b10453936ef0",
      "title": "",
      "fullFile": "cypress\\integration\\examples\\apiTesting.js",
      "file": "cypress\\integration\\examples\\apiTesting.js",
      "beforeHooks": [],
      "afterHooks": [],
      "tests": [],
      "suites": [
        {
          "uuid": "5a0b3472-f033-49c4-a6b4-769176c38cee",
          "title": "Service testing",
          "fullFile": "",
          "file": "",
          "beforeHooks": [],
          "afterHooks": [],
          "tests": [],
          "suites": [
            {
              "uuid": "f074663a-0f63-490b-b093-2b02281ce384",
              "title": "Docket post test",
              "fullFile": "",
              "file": "",
              "beforeHooks": [],
              "afterHooks": [],
              "tests": [
                {
                  "title": "should create a todo post",
                  "fullTitle": "Service testing Docket post test should create a todo post",
                  "timedOut": null,
                  "duration": 269,
                  "state": "passed",
                  "speed": "slow",
                  "pass": true,
                  "fail": false,
                  "pending": false,
                  "context": null,
                  "code": "cy.request({\n  method: 'POST',\n  url: \"https://docket-test.herokuapp.com/api/Todo/\",\n  headers: {\n    token: \"8d11bde6-4db7-4bab-9abf-0894e734ddc0\"\n  },\n  body: {\n    body: \"Cat Walk\"\n  }\n}).its('status').should('be.ok');",
                  "err": {},
                  "uuid": "00e79f68-741b-4790-9cc2-17634743f8a3",
                  "parentUUID": "f074663a-0f63-490b-b093-2b02281ce384",
                  "isHook": false,
                  "skipped": false
                },
                {
                  "title": "should modify existing todo item",
                  "fullTitle": "Service testing Docket post test should modify existing todo item",
                  "timedOut": null,
                  "duration": 67,
                  "state": "passed",
                  "speed": "medium",
                  "pass": true,
                  "fail": false,
                  "pending": false,
                  "context": null,
                  "code": "cy.request({\n  method: 'GET',\n  url: \"https://docket-test.herokuapp.com/api/Todo/\",\n  headers: {\n    token: \"8d11bde6-4db7-4bab-9abf-0894e734ddc0\"\n  },\n  body: {\n    username: \"Selenium1986\",\n    \"Email Address\": \"selenium1986@gmail.com\",\n    password: \"Selenium\"\n  }\n}).its('status').should('be.ok');",
                  "err": {},
                  "uuid": "a6516e3d-c630-4cd1-9876-34c3940c9541",
                  "parentUUID": "f074663a-0f63-490b-b093-2b02281ce384",
                  "isHook": false,
                  "skipped": false
                },
                {
                  "title": "Should delete existng todo item",
                  "fullTitle": "Service testing Docket post test Should delete existng todo item",
                  "timedOut": null,
                  "duration": 65,
                  "state": "passed",
                  "speed": "medium",
                  "pass": true,
                  "fail": false,
                  "pending": false,
                  "context": null,
                  "code": "cy.request({\n  method: 'DELETE',\n  url: \"https://docket-test.herokuapp.com/api/Todo/2\",\n  headers: {\n    token: \"8d11bde6-4db7-4bab-9abf-0894e734ddc0\"\n  }\n}).its('status').should('be.ok');",
                  "err": {},
                  "uuid": "3a3b2d5a-d8be-42d8-8294-8e79fe5b87e3",
                  "parentUUID": "f074663a-0f63-490b-b093-2b02281ce384",
                  "isHook": false,
                  "skipped": false
                }
              ],
              "suites": [],
              "passes": [
                "00e79f68-741b-4790-9cc2-17634743f8a3",
                "a6516e3d-c630-4cd1-9876-34c3940c9541",
                "3a3b2d5a-d8be-42d8-8294-8e79fe5b87e3"
              ],
              "failures": [],
              "pending": [],
              "skipped": [],
              "duration": 401,
              "root": false,
              "rootEmpty": false,
              "_timeout": 2000
            }
          ],
          "passes": [],
          "failures": [],
          "pending": [],
          "skipped": [],
          "duration": 0,
          "root": false,
          "rootEmpty": false,
          "_timeout": 2000
        }
      ],
      "passes": [],
      "failures": [],
      "pending": [],
      "skipped": [],
      "duration": 0,
      "root": true,
      "rootEmpty": true,
      "_timeout": 2000
    }
  ],
  "meta": {
    "mocha": {
      "version": "7.0.1"
    },
    "mochawesome": {
      "options": {
        "quiet": false,
        "reportFilename": "mochawesome",
        "saveHtml": false,
        "saveJson": true,
        "consoleReporter": "spec",
        "useInlineDiffs": false,
        "code": true
      },
      "version": "6.2.2"
    },
    "marge": {
      "options": {
        "reportDir": "cypress/reports/mochawesome-report",
        "overwrite": false,
        "html": false,
        "json": true,
        "timestamp": "mmddyyyy_HHMMss"
      },
      "version": "5.2.0"
    }
  }
}